  [1m[35m (1524.7ms)[0m  [1m[35mCREATE DATABASE "rails_basic_auth_development" ENCODING = 'unicode'[0m
  [1m[35m (500.6ms)[0m  [1m[35mCREATE DATABASE "rails_basic_auth_test" ENCODING = 'unicode'[0m
  [1m[35m (267.4ms)[0m  [1m[35mCREATE TABLE "schema_migrations" ("version" character varying NOT NULL PRIMARY KEY)[0m
  [1m[35m (46.3ms)[0m  [1m[35mCREATE TABLE "ar_internal_metadata" ("key" character varying NOT NULL PRIMARY KEY, "value" character varying, "created_at" timestamp(6) NOT NULL, "updated_at" timestamp(6) NOT NULL)[0m
  [1m[35m (0.4ms)[0m  [1m[34mSELECT pg_try_advisory_lock(2186969491648927650)[0m
  [1m[35m (0.8ms)[0m  [1m[34mSELECT "schema_migrations"."version" FROM "schema_migrations" ORDER BY "schema_migrations"."version" ASC[0m
Migrating to CreateUsers (20191024101709)
  [1m[35m (0.2ms)[0m  [1m[35mBEGIN[0m
  [1m[35m (45.8ms)[0m  [1m[35mCREATE TABLE "users" ("id" bigserial primary key, "name" character varying, "password_digest" character varying, "age" integer, "email" character varying, "created_at" timestamp(6) NOT NULL, "updated_at" timestamp(6) NOT NULL)[0m
  [1m[36mprimary::SchemaMigration Create (0.8ms)[0m  [1m[32mINSERT INTO "schema_migrations" ("version") VALUES ($1) RETURNING "version"[0m  [["version", "20191024101709"]]
  [1m[35m (0.7ms)[0m  [1m[35mCOMMIT[0m
  [1m[36mActiveRecord::InternalMetadata Load (0.7ms)[0m  [1m[34mSELECT "ar_internal_metadata".* FROM "ar_internal_metadata" WHERE "ar_internal_metadata"."key" = $1 LIMIT $2[0m  [["key", "environment"], ["LIMIT", 1]]
  [1m[35m (0.2ms)[0m  [1m[35mBEGIN[0m
  [1m[36mActiveRecord::InternalMetadata Create (0.9ms)[0m  [1m[32mINSERT INTO "ar_internal_metadata" ("key", "value", "created_at", "updated_at") VALUES ($1, $2, $3, $4) RETURNING "key"[0m  [["key", "environment"], ["value", "development"], ["created_at", "2019-10-24 10:17:23.384512"], ["updated_at", "2019-10-24 10:17:23.384512"]]
  [1m[35m (39.6ms)[0m  [1m[35mCOMMIT[0m
  [1m[35m (0.4ms)[0m  [1m[34mSELECT pg_advisory_unlock(2186969491648927650)[0m
  [1m[35m (1.5ms)[0m  [1m[34mSELECT "schema_migrations"."version" FROM "schema_migrations" ORDER BY "schema_migrations"."version" ASC[0m
  [1m[35m (1.1ms)[0m  [1m[34mSELECT "schema_migrations"."version" FROM "schema_migrations" ORDER BY "schema_migrations"."version" ASC[0m
  [1m[35m (0.5ms)[0m  [1m[35mBEGIN[0m
  [1m[36mUser Create (1.1ms)[0m  [1m[32mINSERT INTO "users" ("name", "password_digest", "age", "email", "created_at", "updated_at") VALUES ($1, $2, $3, $4, $5, $6) RETURNING "id"[0m  [["name", "luke"], ["password_digest", "$2a$12$xpVekMBG7gfiTTQ9gr.sXuK7PESRC2b5Nxv9.0KGKUIpKhi.BMLMa"], ["age", 23], ["email", "luke@ga.com"], ["created_at", "2019-10-24 10:18:19.622571"], ["updated_at", "2019-10-24 10:18:19.622571"]]
  [1m[35m (1138.0ms)[0m  [1m[35mCOMMIT[0m
  [1m[35m (0.2ms)[0m  [1m[35mBEGIN[0m
  [1m[36mUser Create (0.5ms)[0m  [1m[32mINSERT INTO "users" ("name", "password_digest", "age", "email", "created_at", "updated_at") VALUES ($1, $2, $3, $4, $5, $6) RETURNING "id"[0m  [["name", "han"], ["password_digest", "$2a$12$I.ZZQ9WZkZQVeIukjjpZg.YY0ObkhZrAa40aEe3aqm3SE7CcByCoG"], ["age", 25], ["email", "han@ga.com"], ["created_at", "2019-10-24 10:18:21.121550"], ["updated_at", "2019-10-24 10:18:21.121550"]]
  [1m[35m (1855.5ms)[0m  [1m[35mCOMMIT[0m
  [1m[35m (0.2ms)[0m  [1m[35mBEGIN[0m
  [1m[36mUser Create (0.4ms)[0m  [1m[32mINSERT INTO "users" ("name", "password_digest", "age", "email", "created_at", "updated_at") VALUES ($1, $2, $3, $4, $5, $6) RETURNING "id"[0m  [["name", "leia"], ["password_digest", "$2a$12$fq6eBFA7VmGLM/IDTqu4nu0.B9cz.SvZeVMo6ziIQEL8M7QysHuGy"], ["age", 23], ["email", "leia@ga.com"], ["created_at", "2019-10-24 10:18:23.312271"], ["updated_at", "2019-10-24 10:18:23.312271"]]
  [1m[35m (1909.7ms)[0m  [1m[35mCOMMIT[0m
Started GET "/" for ::1 at 2019-10-24 21:21:36 +1100
  [1m[35m (1.1ms)[0m  [1m[34mSELECT "schema_migrations"."version" FROM "schema_migrations" ORDER BY "schema_migrations"."version" ASC[0m
Processing by PagesController#home as HTML
  Rendering pages/home.html.erb within layouts/application
  Rendered pages/home.html.erb within layouts/application (Duration: 5.0ms | Allocations: 898)
[Webpacker] Compiling…
[Webpacker] Compiled all packs in /Users/liuhan/seifx01-practice/week11/day01/rails-basic-auth/public/packs
Completed 200 OK in 9676ms (Views: 9659.0ms | ActiveRecord: 0.0ms | Allocations: 1368033)


Started GET "/login" for ::1 at 2019-10-24 21:21:47 +1100
Processing by SessionController#new as HTML
  Rendering session/new.html.erb within layouts/application
  Rendered session/new.html.erb within layouts/application (Duration: 0.5ms | Allocations: 93)
Completed 200 OK in 20ms (Views: 16.5ms | ActiveRecord: 0.0ms | Allocations: 7005)


Started DELETE "/login" for ::1 at 2019-10-24 21:21:49 +1100
Processing by SessionController#destroy as HTML
  Parameters: {"authenticity_token"=>"GUGmzy54vcvwZ+mlQnc76ql8x5oZJy89juzvqsmeQNWlOMBuMgzYCMseR/wsvTuPbVQEi7VT7dbBFr2J1N9B0A=="}
No template found for SessionController#destroy, rendering head :no_content
Completed 204 No Content in 8ms (ActiveRecord: 0.0ms | Allocations: 1708)


Started GET "/" for ::1 at 2019-10-24 21:22:07 +1100
Processing by PagesController#home as HTML
  Rendering pages/home.html.erb within layouts/application
  Rendered pages/home.html.erb within layouts/application (Duration: 1.5ms | Allocations: 264)
Completed 200 OK in 33ms (Views: 30.3ms | ActiveRecord: 0.0ms | Allocations: 7485)


Started GET "/login" for ::1 at 2019-10-24 21:22:08 +1100
Processing by SessionController#new as HTML
  Rendering session/new.html.erb within layouts/application
  Rendered session/new.html.erb within layouts/application (Duration: 1.7ms | Allocations: 273)
Completed 200 OK in 26ms (Views: 23.0ms | ActiveRecord: 0.0ms | Allocations: 7132)


Started GET "/" for ::1 at 2019-10-24 21:22:38 +1100
Processing by PagesController#home as HTML
  Rendering pages/home.html.erb within layouts/application
  Rendered pages/home.html.erb within layouts/application (Duration: 4.0ms | Allocations: 461)
Completed 200 OK in 37ms (Views: 35.2ms | ActiveRecord: 0.0ms | Allocations: 6887)


Started GET "/login" for ::1 at 2019-10-24 21:22:39 +1100
Processing by SessionController#new as HTML
  Rendering session/new.html.erb within layouts/application
  Rendered session/new.html.erb within layouts/application (Duration: 0.8ms | Allocations: 115)
Completed 200 OK in 21ms (Views: 20.0ms | ActiveRecord: 0.0ms | Allocations: 6566)


Started GET "/" for ::1 at 2019-10-24 21:23:20 +1100
Processing by PagesController#home as HTML
  Rendering pages/home.html.erb within layouts/application
  Rendered pages/home.html.erb within layouts/application (Duration: 3.5ms | Allocations: 585)
Completed 200 OK in 26ms (Views: 24.0ms | ActiveRecord: 0.0ms | Allocations: 7777)


Started GET "/" for ::1 at 2019-10-24 21:23:22 +1100
Processing by PagesController#home as HTML
  Rendering pages/home.html.erb within layouts/application
  Rendered pages/home.html.erb within layouts/application (Duration: 1.1ms | Allocations: 144)
Completed 200 OK in 16ms (Views: 14.9ms | ActiveRecord: 0.0ms | Allocations: 6433)


Started GET "/login" for ::1 at 2019-10-24 21:23:23 +1100
Processing by SessionController#new as HTML
  Rendering session/new.html.erb within layouts/application
  Rendered session/new.html.erb within layouts/application (Duration: 1.5ms | Allocations: 277)
Completed 200 OK in 23ms (Views: 20.4ms | ActiveRecord: 0.0ms | Allocations: 7160)


Started GET "/" for ::1 at 2019-10-24 21:24:11 +1100
Processing by PagesController#home as HTML
  [1m[36mUser Load (0.8ms)[0m  [1m[34mSELECT "users".* FROM "users" WHERE "users"."id" IS NULL LIMIT $1[0m  [["LIMIT", 1]]
  ↳ app/controllers/pages_controller.rb:3:in `home'
  Rendering pages/home.html.erb within layouts/application
  Rendered pages/home.html.erb within layouts/application (Duration: 1.1ms | Allocations: 607)
Completed 200 OK in 31ms (Views: 16.0ms | ActiveRecord: 4.4ms | Allocations: 9894)


Started GET "/login" for ::1 at 2019-10-24 21:24:14 +1100
Processing by SessionController#new as HTML
  Rendering session/new.html.erb within layouts/application
  Rendered session/new.html.erb within layouts/application (Duration: 2.4ms | Allocations: 277)
Completed 200 OK in 20ms (Views: 17.0ms | ActiveRecord: 0.0ms | Allocations: 7164)


Started GET "/" for ::1 at 2019-10-24 21:24:42 +1100
Processing by PagesController#home as HTML
Completed 500 Internal Server Error in 368ms (ActiveRecord: 0.0ms | Allocations: 49522)


  
NoMethodError (undefined method `fetch_user' for #<PagesController:0x00007f88e14241d8>):
  
activesupport (6.0.0) lib/active_support/callbacks.rb:429:in `block in make_lambda'
activesupport (6.0.0) lib/active_support/callbacks.rb:201:in `block (2 levels) in halting'
actionpack (6.0.0) lib/abstract_controller/callbacks.rb:34:in `block (2 levels) in <module:Callbacks>'
activesupport (6.0.0) lib/active_support/callbacks.rb:202:in `block in halting'
activesupport (6.0.0) lib/active_support/callbacks.rb:514:in `block in invoke_before'
activesupport (6.0.0) lib/active_support/callbacks.rb:514:in `each'
activesupport (6.0.0) lib/active_support/callbacks.rb:514:in `invoke_before'
activesupport (6.0.0) lib/active_support/callbacks.rb:134:in `run_callbacks'
actionpack (6.0.0) lib/abstract_controller/callbacks.rb:41:in `process_action'
actionpack (6.0.0) lib/action_controller/metal/rescue.rb:22:in `process_action'
actionpack (6.0.0) lib/action_controller/metal/instrumentation.rb:33:in `block in process_action'
activesupport (6.0.0) lib/active_support/notifications.rb:180:in `block in instrument'
activesupport (6.0.0) lib/active_support/notifications/instrumenter.rb:24:in `instrument'
activesupport (6.0.0) lib/active_support/notifications.rb:180:in `instrument'
actionpack (6.0.0) lib/action_controller/metal/instrumentation.rb:32:in `process_action'
actionpack (6.0.0) lib/action_controller/metal/params_wrapper.rb:245:in `process_action'
activerecord (6.0.0) lib/active_record/railties/controller_runtime.rb:27:in `process_action'
actionpack (6.0.0) lib/abstract_controller/base.rb:136:in `process'
actionview (6.0.0) lib/action_view/rendering.rb:39:in `process'
actionpack (6.0.0) lib/action_controller/metal.rb:191:in `dispatch'
actionpack (6.0.0) lib/action_controller/metal.rb:252:in `dispatch'
actionpack (6.0.0) lib/action_dispatch/routing/route_set.rb:51:in `dispatch'
actionpack (6.0.0) lib/action_dispatch/routing/route_set.rb:33:in `serve'
actionpack (6.0.0) lib/action_dispatch/journey/router.rb:49:in `block in serve'
actionpack (6.0.0) lib/action_dispatch/journey/router.rb:32:in `each'
actionpack (6.0.0) lib/action_dispatch/journey/router.rb:32:in `serve'
actionpack (6.0.0) lib/action_dispatch/routing/route_set.rb:837:in `call'
rack (2.0.7) lib/rack/tempfile_reaper.rb:15:in `call'
rack (2.0.7) lib/rack/etag.rb:25:in `call'
rack (2.0.7) lib/rack/conditional_get.rb:25:in `call'
rack (2.0.7) lib/rack/head.rb:12:in `call'
actionpack (6.0.0) lib/action_dispatch/http/content_security_policy.rb:18:in `call'
rack (2.0.7) lib/rack/session/abstract/id.rb:232:in `context'
rack (2.0.7) lib/rack/session/abstract/id.rb:226:in `call'
actionpack (6.0.0) lib/action_dispatch/middleware/cookies.rb:648:in `call'
activerecord (6.0.0) lib/active_record/migration.rb:567:in `call'
actionpack (6.0.0) lib/action_dispatch/middleware/callbacks.rb:27:in `block in call'
activesupport (6.0.0) lib/active_support/callbacks.rb:101:in `run_callbacks'
actionpack (6.0.0) lib/action_dispatch/middleware/callbacks.rb:26:in `call'
actionpack (6.0.0) lib/action_dispatch/middleware/executor.rb:14:in `call'
actionpack (6.0.0) lib/action_dispatch/middleware/actionable_exceptions.rb:17:in `call'
actionpack (6.0.0) lib/action_dispatch/middleware/debug_exceptions.rb:32:in `call'
web-console (4.0.1) lib/web_console/middleware.rb:132:in `call_app'
web-console (4.0.1) lib/web_console/middleware.rb:28:in `block in call'
web-console (4.0.1) lib/web_console/middleware.rb:17:in `catch'
web-console (4.0.1) lib/web_console/middleware.rb:17:in `call'
actionpack (6.0.0) lib/action_dispatch/middleware/show_exceptions.rb:33:in `call'
railties (6.0.0) lib/rails/rack/logger.rb:38:in `call_app'
railties (6.0.0) lib/rails/rack/logger.rb:26:in `block in call'
activesupport (6.0.0) lib/active_support/tagged_logging.rb:80:in `block in tagged'
activesupport (6.0.0) lib/active_support/tagged_logging.rb:28:in `tagged'
activesupport (6.0.0) lib/active_support/tagged_logging.rb:80:in `tagged'
railties (6.0.0) lib/rails/rack/logger.rb:26:in `call'
sprockets-rails (3.2.1) lib/sprockets/rails/quiet_assets.rb:13:in `call'
actionpack (6.0.0) lib/action_dispatch/middleware/remote_ip.rb:81:in `call'
actionpack (6.0.0) lib/action_dispatch/middleware/request_id.rb:27:in `call'
rack (2.0.7) lib/rack/method_override.rb:22:in `call'
rack (2.0.7) lib/rack/runtime.rb:22:in `call'
activesupport (6.0.0) lib/active_support/cache/strategy/local_cache_middleware.rb:29:in `call'
actionpack (6.0.0) lib/action_dispatch/middleware/executor.rb:14:in `call'
actionpack (6.0.0) lib/action_dispatch/middleware/static.rb:126:in `call'
rack (2.0.7) lib/rack/sendfile.rb:111:in `call'
actionpack (6.0.0) lib/action_dispatch/middleware/host_authorization.rb:83:in `call'
webpacker (4.0.7) lib/webpacker/dev_server_proxy.rb:29:in `perform_request'
rack-proxy (0.6.5) lib/rack/proxy.rb:57:in `call'
railties (6.0.0) lib/rails/engine.rb:526:in `call'
puma (3.12.1) lib/puma/configuration.rb:227:in `call'
puma (3.12.1) lib/puma/server.rb:660:in `handle_request'
puma (3.12.1) lib/puma/server.rb:474:in `process_client'
puma (3.12.1) lib/puma/server.rb:334:in `block in run'
puma (3.12.1) lib/puma/thread_pool.rb:135:in `block in spawn_thread'
Started GET "/" for ::1 at 2019-10-24 21:24:51 +1100
Processing by PagesController#home as HTML
  [1m[36mUser Load (1.2ms)[0m  [1m[34mSELECT "users".* FROM "users" WHERE "users"."id" IS NULL LIMIT $1[0m  [["LIMIT", 1]]
  ↳ app/controllers/pages_controller.rb:3:in `home'
  Rendering pages/home.html.erb within layouts/application
  Rendered pages/home.html.erb within layouts/application (Duration: 1.1ms | Allocations: 423)
Completed 200 OK in 21ms (Views: 12.5ms | ActiveRecord: 4.0ms | Allocations: 8386)


Started GET "/" for ::1 at 2019-10-24 21:28:02 +1100
Processing by PagesController#home as HTML
  [1m[36mUser Load (1.8ms)[0m  [1m[34mSELECT "users".* FROM "users" WHERE "users"."id" IS NULL LIMIT $1[0m  [["LIMIT", 1]]
  ↳ app/controllers/pages_controller.rb:3:in `home'
  Rendering pages/home.html.erb within layouts/application
  Rendered pages/home.html.erb within layouts/application (Duration: 0.4ms | Allocations: 105)
Completed 200 OK in 25ms (Views: 18.0ms | ActiveRecord: 1.8ms | Allocations: 7083)


Started GET "/login" for ::1 at 2019-10-24 21:28:03 +1100
Processing by SessionController#new as HTML
  Rendering session/new.html.erb within layouts/application
  Rendered session/new.html.erb within layouts/application (Duration: 0.6ms | Allocations: 115)
Completed 200 OK in 16ms (Views: 14.6ms | ActiveRecord: 0.0ms | Allocations: 6536)


Started POST "/login" for ::1 at 2019-10-24 21:28:08 +1100
Processing by SessionController#create as JS
  Parameters: {"authenticity_token"=>"TLewNk3vSDRgq2zNV87bczjxTCaui/sh4NfW2EWHEXwlSGZhu7iZTB+TdDaPZ8qPjzgXRzUne9deVMneHaVZTg==", "email"=>"chenhe.elec@gmail.com", "password"=>"[FILTERED]"}
  [1m[36mUser Load (0.5ms)[0m  [1m[34mSELECT "users".* FROM "users" WHERE "users"."email" = $1 LIMIT $2[0m  [["email", "chenhe.elec@gmail.com"], ["LIMIT", 1]]
  ↳ app/controllers/session_controller.rb:7:in `create'
Redirected to http://localhost:3000/login
Completed 200 OK in 6ms (ActiveRecord: 0.5ms | Allocations: 1114)


Started GET "/login" for ::1 at 2019-10-24 21:28:08 +1100
Processing by SessionController#new as HTML
  Rendering session/new.html.erb within layouts/application
  Rendered session/new.html.erb within layouts/application (Duration: 1.3ms | Allocations: 113)
Completed 200 OK in 17ms (Views: 16.1ms | ActiveRecord: 0.0ms | Allocations: 6432)


Started POST "/login" for ::1 at 2019-10-24 21:28:12 +1100
Processing by SessionController#create as JS
  Parameters: {"authenticity_token"=>"wZbMfDyvX7L5K2+2yUat4Y0pdGrVwzAkYoPjnbIGVTeoaRoryviOyoYTd00R77wdOuAvC05vsNLcAPyb6iQdBQ==", "email"=>"", "password"=>"[FILTERED]"}
  [1m[36mUser Load (0.5ms)[0m  [1m[34mSELECT "users".* FROM "users" WHERE "users"."email" = $1 LIMIT $2[0m  [["email", ""], ["LIMIT", 1]]
  ↳ app/controllers/session_controller.rb:7:in `create'
Redirected to http://localhost:3000/login
Completed 200 OK in 3ms (ActiveRecord: 0.5ms | Allocations: 993)


Started GET "/login" for ::1 at 2019-10-24 21:28:12 +1100
Processing by SessionController#new as HTML
  Rendering session/new.html.erb within layouts/application
  Rendered session/new.html.erb within layouts/application (Duration: 0.5ms | Allocations: 113)
Completed 200 OK in 15ms (Views: 14.2ms | ActiveRecord: 0.0ms | Allocations: 6435)


Started POST "/login" for ::1 at 2019-10-24 21:28:28 +1100
Processing by SessionController#create as JS
  Parameters: {"authenticity_token"=>"NZbeFx5FfH45tVWuA2rl69GbpkJrtSrqMtVuPa6yO8tcaQhA6BKtBkaNTVXbw/QXZlL9I/AZqhyMVnE79pBz+Q==", "email"=>"chenhe.elec@gmail.com", "password"=>"[FILTERED]"}
  [1m[36mUser Load (0.6ms)[0m  [1m[34mSELECT "users".* FROM "users" WHERE "users"."email" = $1 LIMIT $2[0m  [["email", "chenhe.elec@gmail.com"], ["LIMIT", 1]]
  ↳ app/controllers/session_controller.rb:7:in `create'
Redirected to http://localhost:3000/login
Completed 200 OK in 4ms (ActiveRecord: 0.6ms | Allocations: 980)


Started GET "/login" for ::1 at 2019-10-24 21:28:28 +1100
Processing by SessionController#new as HTML
  Rendering session/new.html.erb within layouts/application
  Rendered session/new.html.erb within layouts/application (Duration: 0.5ms | Allocations: 113)
Completed 200 OK in 21ms (Views: 19.4ms | ActiveRecord: 0.0ms | Allocations: 6428)


Started GET "/" for ::1 at 2019-10-24 21:28:32 +1100
Processing by PagesController#home as HTML
  [1m[36mUser Load (0.4ms)[0m  [1m[34mSELECT "users".* FROM "users" WHERE "users"."id" IS NULL LIMIT $1[0m  [["LIMIT", 1]]
  ↳ app/controllers/pages_controller.rb:3:in `home'
  Rendering pages/home.html.erb within layouts/application
  Rendered pages/home.html.erb within layouts/application (Duration: 0.4ms | Allocations: 103)
Completed 200 OK in 20ms (Views: 17.8ms | ActiveRecord: 0.4ms | Allocations: 7060)


Started GET "/" for ::1 at 2019-10-24 21:31:45 +1100
Processing by PagesController#home as HTML
  [1m[36mUser Load (0.6ms)[0m  [1m[34mSELECT "users".* FROM "users" WHERE "users"."id" IS NULL LIMIT $1[0m  [["LIMIT", 1]]
  ↳ app/controllers/pages_controller.rb:3:in `home'
  Rendering pages/home.html.erb within layouts/application
  Rendered pages/home.html.erb within layouts/application (Duration: 0.5ms | Allocations: 103)
Completed 200 OK in 21ms (Views: 17.6ms | ActiveRecord: 0.6ms | Allocations: 7064)


Started GET "/" for ::1 at 2019-10-24 21:33:35 +1100
Processing by PagesController#home as HTML
Completed 500 Internal Server Error in 183ms (ActiveRecord: 0.0ms | Allocations: 49508)


  
NoMethodError (undefined method `fetch_user' for #<PagesController:0x00007f88e4539458>):
  
activesupport (6.0.0) lib/active_support/callbacks.rb:429:in `block in make_lambda'
activesupport (6.0.0) lib/active_support/callbacks.rb:201:in `block (2 levels) in halting'
actionpack (6.0.0) lib/abstract_controller/callbacks.rb:34:in `block (2 levels) in <module:Callbacks>'
activesupport (6.0.0) lib/active_support/callbacks.rb:202:in `block in halting'
activesupport (6.0.0) lib/active_support/callbacks.rb:514:in `block in invoke_before'
activesupport (6.0.0) lib/active_support/callbacks.rb:514:in `each'
activesupport (6.0.0) lib/active_support/callbacks.rb:514:in `invoke_before'
activesupport (6.0.0) lib/active_support/callbacks.rb:134:in `run_callbacks'
actionpack (6.0.0) lib/abstract_controller/callbacks.rb:41:in `process_action'
actionpack (6.0.0) lib/action_controller/metal/rescue.rb:22:in `process_action'
actionpack (6.0.0) lib/action_controller/metal/instrumentation.rb:33:in `block in process_action'
activesupport (6.0.0) lib/active_support/notifications.rb:180:in `block in instrument'
activesupport (6.0.0) lib/active_support/notifications/instrumenter.rb:24:in `instrument'
activesupport (6.0.0) lib/active_support/notifications.rb:180:in `instrument'
actionpack (6.0.0) lib/action_controller/metal/instrumentation.rb:32:in `process_action'
actionpack (6.0.0) lib/action_controller/metal/params_wrapper.rb:245:in `process_action'
activerecord (6.0.0) lib/active_record/railties/controller_runtime.rb:27:in `process_action'
actionpack (6.0.0) lib/abstract_controller/base.rb:136:in `process'
actionview (6.0.0) lib/action_view/rendering.rb:39:in `process'
actionpack (6.0.0) lib/action_controller/metal.rb:191:in `dispatch'
actionpack (6.0.0) lib/action_controller/metal.rb:252:in `dispatch'
actionpack (6.0.0) lib/action_dispatch/routing/route_set.rb:51:in `dispatch'
actionpack (6.0.0) lib/action_dispatch/routing/route_set.rb:33:in `serve'
actionpack (6.0.0) lib/action_dispatch/journey/router.rb:49:in `block in serve'
actionpack (6.0.0) lib/action_dispatch/journey/router.rb:32:in `each'
actionpack (6.0.0) lib/action_dispatch/journey/router.rb:32:in `serve'
actionpack (6.0.0) lib/action_dispatch/routing/route_set.rb:837:in `call'
rack (2.0.7) lib/rack/tempfile_reaper.rb:15:in `call'
rack (2.0.7) lib/rack/etag.rb:25:in `call'
rack (2.0.7) lib/rack/conditional_get.rb:25:in `call'
rack (2.0.7) lib/rack/head.rb:12:in `call'
actionpack (6.0.0) lib/action_dispatch/http/content_security_policy.rb:18:in `call'
rack (2.0.7) lib/rack/session/abstract/id.rb:232:in `context'
rack (2.0.7) lib/rack/session/abstract/id.rb:226:in `call'
actionpack (6.0.0) lib/action_dispatch/middleware/cookies.rb:648:in `call'
activerecord (6.0.0) lib/active_record/migration.rb:567:in `call'
actionpack (6.0.0) lib/action_dispatch/middleware/callbacks.rb:27:in `block in call'
activesupport (6.0.0) lib/active_support/callbacks.rb:101:in `run_callbacks'
actionpack (6.0.0) lib/action_dispatch/middleware/callbacks.rb:26:in `call'
actionpack (6.0.0) lib/action_dispatch/middleware/executor.rb:14:in `call'
actionpack (6.0.0) lib/action_dispatch/middleware/actionable_exceptions.rb:17:in `call'
actionpack (6.0.0) lib/action_dispatch/middleware/debug_exceptions.rb:32:in `call'
web-console (4.0.1) lib/web_console/middleware.rb:132:in `call_app'
web-console (4.0.1) lib/web_console/middleware.rb:28:in `block in call'
web-console (4.0.1) lib/web_console/middleware.rb:17:in `catch'
web-console (4.0.1) lib/web_console/middleware.rb:17:in `call'
actionpack (6.0.0) lib/action_dispatch/middleware/show_exceptions.rb:33:in `call'
railties (6.0.0) lib/rails/rack/logger.rb:38:in `call_app'
railties (6.0.0) lib/rails/rack/logger.rb:26:in `block in call'
activesupport (6.0.0) lib/active_support/tagged_logging.rb:80:in `block in tagged'
activesupport (6.0.0) lib/active_support/tagged_logging.rb:28:in `tagged'
activesupport (6.0.0) lib/active_support/tagged_logging.rb:80:in `tagged'
railties (6.0.0) lib/rails/rack/logger.rb:26:in `call'
sprockets-rails (3.2.1) lib/sprockets/rails/quiet_assets.rb:13:in `call'
actionpack (6.0.0) lib/action_dispatch/middleware/remote_ip.rb:81:in `call'
actionpack (6.0.0) lib/action_dispatch/middleware/request_id.rb:27:in `call'
rack (2.0.7) lib/rack/method_override.rb:22:in `call'
rack (2.0.7) lib/rack/runtime.rb:22:in `call'
activesupport (6.0.0) lib/active_support/cache/strategy/local_cache_middleware.rb:29:in `call'
actionpack (6.0.0) lib/action_dispatch/middleware/executor.rb:14:in `call'
actionpack (6.0.0) lib/action_dispatch/middleware/static.rb:126:in `call'
rack (2.0.7) lib/rack/sendfile.rb:111:in `call'
actionpack (6.0.0) lib/action_dispatch/middleware/host_authorization.rb:83:in `call'
webpacker (4.0.7) lib/webpacker/dev_server_proxy.rb:29:in `perform_request'
rack-proxy (0.6.5) lib/rack/proxy.rb:57:in `call'
railties (6.0.0) lib/rails/engine.rb:526:in `call'
puma (3.12.1) lib/puma/configuration.rb:227:in `call'
puma (3.12.1) lib/puma/server.rb:660:in `handle_request'
puma (3.12.1) lib/puma/server.rb:474:in `process_client'
puma (3.12.1) lib/puma/server.rb:334:in `block in run'
puma (3.12.1) lib/puma/thread_pool.rb:135:in `block in spawn_thread'
Started GET "/" for ::1 at 2019-10-24 21:34:35 +1100
Processing by PagesController#home as HTML
  [1m[36mUser Load (0.5ms)[0m  [1m[34mSELECT "users".* FROM "users" WHERE "users"."id" IS NULL LIMIT $1[0m  [["LIMIT", 1]]
  ↳ app/controllers/pages_controller.rb:3:in `home'
  Rendering pages/home.html.erb within layouts/application
  Rendered pages/home.html.erb within layouts/application (Duration: 0.6ms | Allocations: 423)
Completed 200 OK in 24ms (Views: 14.5ms | ActiveRecord: 4.1ms | Allocations: 8348)


Started GET "/login" for ::1 at 2019-10-24 21:34:39 +1100
Processing by SessionController#new as HTML
  Rendering session/new.html.erb within layouts/application
  Rendered session/new.html.erb within layouts/application (Duration: 1.1ms | Allocations: 115)
Completed 200 OK in 20ms (Views: 18.8ms | ActiveRecord: 0.0ms | Allocations: 6574)


Started GET "/" for ::1 at 2019-10-25 22:29:31 +1100
Processing by PagesController#home as HTML
  [1m[36mUser Load (0.9ms)[0m  [1m[34mSELECT "users".* FROM "users" WHERE "users"."id" IS NULL LIMIT $1[0m  [["LIMIT", 1]]
  ↳ app/controllers/pages_controller.rb:3:in `home'
  Rendering pages/home.html.erb within layouts/application
  Rendered pages/home.html.erb within layouts/application (Duration: 0.5ms | Allocations: 103)
Completed 200 OK in 24ms (Views: 17.9ms | ActiveRecord: 1.3ms | Allocations: 7165)


Started GET "/login" for ::1 at 2019-10-25 22:29:33 +1100
Processing by SessionController#new as HTML
  Rendering session/new.html.erb within layouts/application
  Rendered session/new.html.erb within layouts/application (Duration: 1.2ms | Allocations: 112)
Completed 200 OK in 21ms (Views: 19.9ms | ActiveRecord: 0.0ms | Allocations: 6417)


Started POST "/login" for ::1 at 2019-10-25 22:29:35 +1100
Processing by SessionController#create as JS
  Parameters: {"authenticity_token"=>"g/04iZ+fB5bdh+zMM/hf6lzBayXlVyoLPrZs57xRVZ3qAu7eacjW7qK/9DfrUU4W6wgwRH77qv2ANXPh5HMdrw==", "email"=>"", "password"=>"[FILTERED]"}
  [1m[36mUser Load (0.6ms)[0m  [1m[34mSELECT "users".* FROM "users" WHERE "users"."email" = $1 LIMIT $2[0m  [["email", ""], ["LIMIT", 1]]
  ↳ app/controllers/session_controller.rb:7:in `create'
Redirected to http://localhost:3000/login
Completed 200 OK in 6ms (ActiveRecord: 0.6ms | Allocations: 1094)


Started GET "/login" for ::1 at 2019-10-25 22:29:35 +1100
Processing by SessionController#new as HTML
  Rendering session/new.html.erb within layouts/application
  Rendered session/new.html.erb within layouts/application (Duration: 0.5ms | Allocations: 113)
Completed 200 OK in 17ms (Views: 15.7ms | ActiveRecord: 0.0ms | Allocations: 6433)


Started GET "/" for ::1 at 2019-10-25 22:29:38 +1100
Processing by PagesController#home as HTML
  [1m[36mUser Load (1.4ms)[0m  [1m[34mSELECT "users".* FROM "users" WHERE "users"."id" IS NULL LIMIT $1[0m  [["LIMIT", 1]]
  ↳ app/controllers/pages_controller.rb:3:in `home'
  Rendering pages/home.html.erb within layouts/application
  Rendered pages/home.html.erb within layouts/application (Duration: 0.4ms | Allocations: 104)
Completed 200 OK in 18ms (Views: 12.8ms | ActiveRecord: 1.4ms | Allocations: 7083)


Started GET "/" for ::1 at 2019-10-25 22:32:32 +1100
  [1m[35m (0.8ms)[0m  [1m[34mSELECT "schema_migrations"."version" FROM "schema_migrations" ORDER BY "schema_migrations"."version" ASC[0m
Processing by PagesController#home as HTML
  [1m[36mUser Load (0.8ms)[0m  [1m[34mSELECT "users".* FROM "users" WHERE "users"."id" IS NULL LIMIT $1[0m  [["LIMIT", 1]]
  ↳ app/controllers/pages_controller.rb:3:in `home'
  Rendering pages/home.html.erb within layouts/application
  Rendered pages/home.html.erb within layouts/application (Duration: 2.2ms | Allocations: 752)
Completed 200 OK in 3953ms (Views: 3930.8ms | ActiveRecord: 4.5ms | Allocations: 1365716)


Started GET "/login" for ::1 at 2019-10-25 22:32:42 +1100
Processing by SessionController#new as HTML
  Rendering session/new.html.erb within layouts/application
  Rendered session/new.html.erb within layouts/application (Duration: 3.4ms | Allocations: 309)
Completed 200 OK in 21ms (Views: 18.4ms | ActiveRecord: 0.0ms | Allocations: 8085)


Started POST "/login" for ::1 at 2019-10-25 22:32:48 +1100
Processing by SessionController#create as JS
  Parameters: {"authenticity_token"=>"VS/o74PCvKJnZWLm9+IVRkxdrGoVAcwQyCm3np/pq+s80D64dZVt2hhdeh0vSwS6+5T3C46tTOZ2qqiYx8vj2Q==", "email"=>"chenhe.elec@gmail.com", "password"=>"[FILTERED]"}
  [1m[36mUser Load (0.4ms)[0m  [1m[34mSELECT "users".* FROM "users" WHERE "users"."email" = $1 LIMIT $2[0m  [["email", "chenhe.elec@gmail.com"], ["LIMIT", 1]]
  ↳ app/controllers/session_controller.rb:7:in `create'
Redirected to http://localhost:3000/login
Completed 200 OK in 5ms (ActiveRecord: 0.4ms | Allocations: 1141)


Started GET "/login" for ::1 at 2019-10-25 22:32:48 +1100
Processing by SessionController#new as HTML
  Rendering session/new.html.erb within layouts/application
  Rendered session/new.html.erb within layouts/application (Duration: 0.9ms | Allocations: 114)
Completed 200 OK in 17ms (Views: 15.9ms | ActiveRecord: 0.0ms | Allocations: 7293)


Started GET "/" for ::1 at 2019-10-25 22:32:56 +1100
Processing by PagesController#home as HTML
  [1m[36mUser Load (0.5ms)[0m  [1m[34mSELECT "users".* FROM "users" WHERE "users"."id" IS NULL LIMIT $1[0m  [["LIMIT", 1]]
  ↳ app/controllers/pages_controller.rb:3:in `home'
  Rendering pages/home.html.erb within layouts/application
  Rendered pages/home.html.erb within layouts/application (Duration: 0.3ms | Allocations: 112)
Completed 200 OK in 19ms (Views: 16.6ms | ActiveRecord: 0.5ms | Allocations: 7948)


